-------------------------------------------------------------------------------
Test set: runners.RunCucumberSuite
-------------------------------------------------------------------------------
Tests run: 20, Failures: 1, Errors: 0, Skipped: 0, Time elapsed: 129.0 s <<< FAILURE! -- in runners.RunCucumberSuite
Matches' Dashboard TestFlow.Status message changes after matches load -- Time elapsed: 11.73 s <<< FAILURE!
org.opentest4j.AssertionFailedError: 
Locator expected to have text: Loading matches...
Received: Matches loaded

Call log:
Locator.expect with timeout 5000ms
waiting for locator("[data-testid='status-message']")
  locator resolved to <p _ngcontent-ng-c2119039520="" data-testid="status-message">Matches loaded</p>
  unexpected value "Matches loaded"
  locator resolved to <p _ngcontent-ng-c2119039520="" data-testid="status-message">Matches loaded</p>
  unexpected value "Matches loaded"
  locator resolved to <p _ngcontent-ng-c2119039520="" data-testid="status-message">Matches loaded</p>
  unexpected value "Matches loaded"
  locator resolved to <p _ngcontent-ng-c2119039520="" data-testid="status-message">Matches loaded</p>
  unexpected value "Matches loaded"
  locator resolved to <p _ngcontent-ng-c2119039520="" data-testid="status-message">Matches loaded</p>
  unexpected value "Matches loaded"
  locator resolved to <p _ngcontent-ng-c2119039520="" data-testid="status-message">Matches loaded</p>
  unexpected value "Matches loaded"
  locator resolved to <p _ngcontent-ng-c2119039520="" data-testid="status-message">Matches loaded</p>
  unexpected value "Matches loaded"
  locator resolved to <p _ngcontent-ng-c2119039520="" data-testid="status-message">Matches loaded</p>
  unexpected value "Matches loaded"
  locator resolved to <p _ngcontent-ng-c2119039520="" data-testid="status-message">Matches loaded</p>
  unexpected value "Matches loaded"
	at com.microsoft.playwright.impl.AssertionsBase.expectImpl(AssertionsBase.java:74)
	at com.microsoft.playwright.impl.AssertionsBase.expectImpl(AssertionsBase.java:51)
	at com.microsoft.playwright.impl.AssertionsBase.expectImpl(AssertionsBase.java:42)
	at com.microsoft.playwright.impl.LocatorAssertionsImpl.hasText(LocatorAssertionsImpl.java:254)
	at com.microsoft.playwright.assertions.LocatorAssertions.hasText(LocatorAssertions.java:1727)
	at com.bprof.playwright.pages.MatchDashboardPage.waitForLoadingState(MatchDashboardPage.java:51)
	at steps.UiTestFlowDashboardSteps.loadingState(UiTestFlowDashboardSteps.java:35)
	at ✽.the loading state should be visible(classpath:features/ui_testflow_dashboard.feature:10)

