-------------------------------------------------------------------------------
Test set: runners.RunCucumberSuite
-------------------------------------------------------------------------------
Tests run: 20, Failures: 1, Errors: 0, Skipped: 0, Time elapsed: 160.7 s <<< FAILURE! -- in runners.RunCucumberSuite
Matches' Dashboard TestFlow.League headers are displayed -- Time elapsed: 8.278 s <<< FAILURE!
org.opentest4j.AssertionFailedError: Unexpected league header: Serie A ==> expected: <false> but was: <true>
	at steps.UiTestFlowDashboardSteps.notToBeSeen(UiTestFlowDashboardSteps.java:53)
	at ✽.I should not see "Serie A"(classpath:features/ui_testflow_dashboard.feature:22)

