<?xml version="1.0" encoding="UTF-8"?>
<testsuite xmlns:xsi="http://www.w3.org/2001/XMLSchema-instance" xsi:noNamespaceSchemaLocation="https://maven.apache.org/surefire/maven-surefire-plugin/xsd/surefire-test-report-3.0.xsd" version="3.0" name="runners.RunCucumberSuite" time="139.018" tests="20" errors="0" skipped="0" failures="0">
  <properties>
[...]
</properties>
  <testcase name="Validate matches.json returns correct status and body" classname="API Testing with Playwright" time="27.803">
    <system-out><![CDATA[
Scenario: Validate matches.json returns correct status and body                 &amp#27;[90m# features/api.feature:8&amp#27;[0m
  &amp#27;[32mGiven &amp#27;[0m&amp#27;[32mthe API client is initialized&amp#27;[0m                                           &amp#27;[90m# steps.ApiSteps.initApiClient()&amp#27;[0m
  &amp#27;[32mWhen &amp#27;[0m&amp#27;[32mI send a GET request to &amp#27;[0m&amp#27;[32m&amp#27;[1m"http://localhost:4200/assets/mock/matches.json"&amp#27;[0m &amp#27;[90m# steps.ApiSteps.sendGetRequest(java.lang.String)&amp#27;[0m
  &amp#27;[32mThen &amp#27;[0m&amp#27;[32mthe response status should be &amp#27;[0m&amp#27;[32m&amp#27;[1m200&amp#27;[0m                                        &amp#27;[90m# steps.ApiSteps.checkStatus(int)&amp#27;[0m
  &amp#27;[32mAnd &amp#27;[0m&amp#27;[32mthe response body should contain &amp#27;[0m&amp#27;[32m&amp#27;[1m"events"&amp#27;[0m                                 &amp#27;[90m# steps.ApiSteps.checkBodyContains(java.lang.String)&amp#27;[0m
]]></system-out>
  </testcase>
  <testcase name="Validate match-statistics.json returns correct status and body" classname="API Testing with Playwright" time="5.469">
    <system-out><![CDATA[
Scenario: Validate match-statistics.json returns correct status and body                 &amp#27;[90m# features/api.feature:14&amp#27;[0m
  &amp#27;[32mGiven &amp#27;[0m&amp#27;[32mthe API client is initialized&amp#27;[0m                                                    &amp#27;[90m# steps.ApiSteps.initApiClient()&amp#27;[0m
  &amp#27;[32mWhen &amp#27;[0m&amp#27;[32mI send a GET request to &amp#27;[0m&amp#27;[32m&amp#27;[1m"http://localhost:4200/assets/mock/match-statistics.json"&amp#27;[0m &amp#27;[90m# steps.ApiSteps.sendGetRequest(java.lang.String)&amp#27;[0m
  &amp#27;[32mThen &amp#27;[0m&amp#27;[32mthe response status should be &amp#27;[0m&amp#27;[32m&amp#27;[1m200&amp#27;[0m                                                 &amp#27;[90m# steps.ApiSteps.checkStatus(int)&amp#27;[0m
  &amp#27;[32mAnd &amp#27;[0m&amp#27;[32mthe response body should contain &amp#27;[0m&amp#27;[32m&amp#27;[1m"1092"&amp#27;[0m                                            &amp#27;[90m# steps.ApiSteps.checkBodyContains(java.lang.String)&amp#27;[0m
]]></system-out>
  </testcase>
  <testcase name="Load and display match data between famous teams (from static JSON)" classname="Matches display" time="4.143">
    <system-out><![CDATA[
Scenario: Load and display match data between famous teams (from static JSON) &amp#27;[90m# features/datahandling.feature:6&amp#27;[0m
  &amp#27;[32mGiven &amp#27;[0m&amp#27;[32mthe match data exists&amp#27;[0m                                                 &amp#27;[90m# steps.StaticDataHandlingSteps.matchDataExists()&amp#27;[0m
  &amp#27;[32mWhen &amp#27;[0m&amp#27;[32mthe system loads matches' data &amp#27;[0m&amp#27;[32m&amp#27;[1m"matches.json"&amp#27;[0m                          &amp#27;[90m# steps.StaticDataHandlingSteps.loadMatchData(java.lang.String)&amp#27;[0m
Teams: Barcelona vs Valencia
Teams: Sevilla vs Real Madrid
Teams: Espanyol vs Atletico Madrid
Teams: Aston Villa vs Manchester United
Teams: Bayern Munich vs Paris Saint-Germain
Teams: Borussia Dortmund vs RB Leipzig
Teams: Juventus vs Inter Milan
Teams: Liverpool vs Chelsea
  &amp#27;[32mThen &amp#27;[0m&amp#27;[32mthe home and away teams should be shown&amp#27;[0m                                &amp#27;[90m# steps.StaticDataHandlingSteps.verifyTeamsDisplayed()&amp#27;[0m
]]></system-out>
  </testcase>
  <testcase name="Invalid JSON data triggers an error message" classname="Error handling" time="4.278">
    <system-out><![CDATA[
Scenario: Invalid JSON data triggers an error message           &amp#27;[90m# features/error.feature:6&amp#27;[0m
  &amp#27;[32mGiven &amp#27;[0m&amp#27;[32mthe invalid match data exists&amp#27;[0m                           &amp#27;[90m# steps.ErrorSteps.invalidMatchDataExists()&amp#27;[0m
  &amp#27;[32mWhen &amp#27;[0m&amp#27;[32mthe system loads the invalid file &amp#27;[0m&amp#27;[32m&amp#27;[1m"invalid-matches.json"&amp#27;[0m &amp#27;[90m# steps.ErrorSteps.loadInvalidJson(java.lang.String)&amp#27;[0m
Error caught successfully: Invalid id: must between 1 and 100000
  &amp#27;[32mThen &amp#27;[0m&amp#27;[32man error message should appear&amp#27;[0m                           &amp#27;[90m# steps.ErrorSteps.errorShouldAppear()&amp#27;[0m
]]></system-out>
  </testcase>
  <testcase name="Load and display match statistics" classname="Statistics display" time="3.835">
    <system-out><![CDATA[
Scenario: Load and display match statistics                         &amp#27;[90m# features/statistics.feature:6&amp#27;[0m
  &amp#27;[32mGiven &amp#27;[0m&amp#27;[32mthe statistics data exists&amp#27;[0m                                  &amp#27;[90m# steps.StatisticsSteps.statisticsDataExists()&amp#27;[0m
  &amp#27;[32mWhen &amp#27;[0m&amp#27;[32mthe system loads matches' statistics &amp#27;[0m&amp#27;[32m&amp#27;[1m"match-statistics.json"&amp#27;[0m &amp#27;[90m# steps.StatisticsSteps.loadStatisticsFile(java.lang.String)&amp#27;[0m
  &amp#27;[32mAnd &amp#27;[0m&amp#27;[32mthe user selects match &amp#27;[0m&amp#27;[32m&amp#27;[1m"1003"&amp#27;[0m                                 &amp#27;[90m# steps.StatisticsSteps.selectMatch(java.lang.String)&amp#27;[0m
Goals: 0 - 1
Shots on target: 8 - 11
Possession: 42% - 58%
Fouls: 12 - 12
  &amp#27;[32mThen &amp#27;[0m&amp#27;[32mthe statistics should be shown on screen&amp#27;[0m                     &amp#27;[90m# steps.StatisticsSteps.showStatistics()&amp#27;[0m
]]></system-out>
  </testcase>
  <testcase name="Status message changes after matches load" classname="Matches&apos; Dashboard TestFlow" time="6.346">
    <system-out><![CDATA[
Scenario: Status message changes after matches load         &amp#27;[90m# features/ui_testflow_dashboard.feature:8&amp#27;[0m
  &amp#27;[32mGiven &amp#27;[0m&amp#27;[32mI open the match dashboard&amp#27;[0m                          &amp#27;[90m# steps.UiTestFlowDashboardSteps.openDashboard()&amp#27;[0m
  &amp#27;[32mThen &amp#27;[0m&amp#27;[32mI should see the status message &amp#27;[0m&amp#27;[32m&amp#27;[1m"Loading matches..."&amp#27;[0m &amp#27;[90m# steps.UiTestFlowDashboardSteps.checkStatusMessage(java.lang.String)&amp#27;[0m
  &amp#27;[32mWhen &amp#27;[0m&amp#27;[32mthe matches are loaded&amp#27;[0m                               &amp#27;[90m# steps.UiTestFlowDashboardSteps.waitForMatches()&amp#27;[0m
  &amp#27;[32mThen &amp#27;[0m&amp#27;[32mI should see the status message &amp#27;[0m&amp#27;[32m&amp#27;[1m"Matches loaded"&amp#27;[0m     &amp#27;[90m# steps.UiTestFlowDashboardSteps.checkStatusMessage(java.lang.String)&amp#27;[0m
]]></system-out>
  </testcase>
  <testcase name="League headers are displayed" classname="Matches&apos; Dashboard TestFlow" time="6.58">
    <system-out><![CDATA[
Scenario: League headers are displayed            &amp#27;[90m# features/ui_testflow_dashboard.feature:14&amp#27;[0m
  &amp#27;[32mGiven &amp#27;[0m&amp#27;[32mI open the match dashboard&amp#27;[0m                &amp#27;[90m# steps.UiTestFlowDashboardSteps.openDashboard()&amp#27;[0m
  &amp#27;[32mWhen &amp#27;[0m&amp#27;[32mthe matches are loaded&amp#27;[0m                     &amp#27;[90m# steps.UiTestFlowDashboardSteps.waitForMatches()&amp#27;[0m
  &amp#27;[32mThen &amp#27;[0m&amp#27;[32mI should see the following league headers:&amp#27;[0m &amp#27;[90m# steps.UiTestFlowDashboardSteps.checkLeagueHeaders(io.cucumber.datatable.DataTable)&amp#27;[0m
    | La Liga          |
    | Premier League   |
    | Champions League |
  &amp#27;[32mAnd &amp#27;[0m&amp#27;[32mI should not see &amp#27;[0m&amp#27;[32m&amp#27;[1m"Ligue 1"&amp#27;[0m                  &amp#27;[90m# steps.UiTestFlowDashboardSteps.notToBeSeen(java.lang.String)&amp#27;[0m
]]></system-out>
  </testcase>
  <testcase name="Match count greater than zero" classname="Matches&apos; Dashboard TestFlow" time="6.368">
    <system-out><![CDATA[
Scenario: Match count greater than zero         &amp#27;[90m# features/ui_testflow_dashboard.feature:23&amp#27;[0m
  &amp#27;[32mGiven &amp#27;[0m&amp#27;[32mI open the match dashboard&amp#27;[0m              &amp#27;[90m# steps.UiTestFlowDashboardSteps.openDashboard()&amp#27;[0m
  &amp#27;[32mWhen &amp#27;[0m&amp#27;[32mthe matches are loaded&amp#27;[0m                   &amp#27;[90m# steps.UiTestFlowDashboardSteps.waitForMatches()&amp#27;[0m
  &amp#27;[32mThen &amp#27;[0m&amp#27;[32mthe match count should be greater than &amp#27;[0m&amp#27;[32m&amp#27;[1m0&amp#27;[0m &amp#27;[90m# steps.UiTestFlowDashboardSteps.checkMatchCountGreater(int)&amp#27;[0m
]]></system-out>
  </testcase>
  <testcase name="Match count matches JSON data" classname="Matches&apos; Dashboard TestFlow" time="6.36">
    <system-out><![CDATA[
Scenario: Match count matches JSON data &amp#27;[90m# features/ui_testflow_dashboard.feature:28&amp#27;[0m
  &amp#27;[32mGiven &amp#27;[0m&amp#27;[32mI open the match dashboard&amp#27;[0m      &amp#27;[90m# steps.UiTestFlowDashboardSteps.openDashboard()&amp#27;[0m
  &amp#27;[32mWhen &amp#27;[0m&amp#27;[32mthe matches are loaded&amp#27;[0m           &amp#27;[90m# steps.UiTestFlowDashboardSteps.waitForMatches()&amp#27;[0m
  &amp#27;[32mThen &amp#27;[0m&amp#27;[32mthe match count should be &amp#27;[0m&amp#27;[32m&amp#27;[1m8&amp#27;[0m      &amp#27;[90m# steps.UiTestFlowDashboardSteps.checkMatchCount(int)&amp#27;[0m
]]></system-out>
  </testcase>
  <testcase name="Match count grouped by league" classname="Matches&apos; Dashboard TestFlow" time="7.083">
    <system-out><![CDATA[
Scenario: Match count grouped by league &amp#27;[90m# features/ui_testflow_dashboard.feature:33&amp#27;[0m
  &amp#27;[32mGiven &amp#27;[0m&amp#27;[32mI open the match dashboard&amp#27;[0m      &amp#27;[90m# steps.UiTestFlowDashboardSteps.openDashboard()&amp#27;[0m
  &amp#27;[32mWhen &amp#27;[0m&amp#27;[32mthe matches are loaded&amp#27;[0m           &amp#27;[90m# steps.UiTestFlowDashboardSteps.waitForMatches()&amp#27;[0m
  &amp#27;[32mThen &amp#27;[0m&amp#27;[32mLa Liga should have &amp#27;[0m&amp#27;[32m&amp#27;[1m3&amp#27;[0m&amp#27;[32m matches&amp#27;[0m    &amp#27;[90m# steps.UiTestFlowDashboardSteps.laLigaShouldHaveMatches(int)&amp#27;[0m
]]></system-out>
  </testcase>
  <testcase name="Match card content" classname="Matches&apos; Dashboard TestFlow" time="6.592">
    <system-out><![CDATA[
Scenario: Match card content                &amp#27;[90m# features/ui_testflow_dashboard.feature:38&amp#27;[0m
  &amp#27;[32mGiven &amp#27;[0m&amp#27;[32mI open the match dashboard&amp#27;[0m          &amp#27;[90m# steps.UiTestFlowDashboardSteps.openDashboard()&amp#27;[0m
  &amp#27;[32mWhen &amp#27;[0m&amp#27;[32mthe matches are loaded&amp#27;[0m               &amp#27;[90m# steps.UiTestFlowDashboardSteps.waitForMatches()&amp#27;[0m
  &amp#27;[32mThen &amp#27;[0m&amp#27;[32mthe first match card should contain:&amp#27;[0m &amp#27;[90m# steps.UiTestFlowDashboardSteps.theFirstMatchCardShouldContain(io.cucumber.datatable.DataTable)&amp#27;[0m
    | Borussia Dortmund |
    | RB Leipzig        |
    | 4 - 0             |
]]></system-out>
  </testcase>
  <testcase name="Click match navigates to details" classname="Matches&apos; Dashboard TestFlow" time="6.906">
    <system-out><![CDATA[
Scenario: Click match navigates to details    &amp#27;[90m# features/ui_testflow_dashboard.feature:46&amp#27;[0m
  &amp#27;[32mGiven &amp#27;[0m&amp#27;[32mI open the match dashboard&amp#27;[0m            &amp#27;[90m# steps.UiTestFlowDashboardSteps.openDashboard()&amp#27;[0m
  &amp#27;[32mWhen &amp#27;[0m&amp#27;[32mI click the match with id &amp#27;[0m&amp#27;[32m&amp#27;[1m"1001"&amp#27;[0m       &amp#27;[90m# steps.UiTestFlowDashboardSteps.clickMatchById(java.lang.String)&amp#27;[0m
  &amp#27;[32mThen &amp#27;[0m&amp#27;[32mI should be navigated to &amp#27;[0m&amp#27;[32m&amp#27;[1m"/match/1001"&amp#27;[0m &amp#27;[90m# steps.UiTestFlowDashboardSteps.checkNavigation(java.lang.String)&amp#27;[0m
]]></system-out>
  </testcase>
  <testcase name="Statistics visible after load" classname="Match Statistics&apos; Details TestFlow" time="4.337">
    <system-out><![CDATA[
Scenario: Statistics visible after load     &amp#27;[90m# features/ui_testflow_statistics.feature:8&amp#27;[0m
  &amp#27;[32mGiven &amp#27;[0m&amp#27;[32mI open the match details for &amp#27;[0m&amp#27;[32m&amp#27;[1m"1001"&amp#27;[0m &amp#27;[90m# steps.UiTestFlowStatisticsSteps.openMatchDetails(java.lang.String)&amp#27;[0m
  &amp#27;[32mWhen &amp#27;[0m&amp#27;[32mthe page is loaded&amp#27;[0m                   &amp#27;[90m# steps.UiTestFlowStatisticsSteps.waitForDetails()&amp#27;[0m
  &amp#27;[32mThen &amp#27;[0m&amp#27;[32mthe team names should be visible&amp#27;[0m     &amp#27;[90m# steps.UiTestFlowStatisticsSteps.checkTeamNamesVisible()&amp#27;[0m
]]></system-out>
  </testcase>
  <testcase name="Team names and date displayed" classname="Match Statistics&apos; Details TestFlow" time="3.902">
    <system-out><![CDATA[
Scenario: Team names and date displayed     &amp#27;[90m# features/ui_testflow_statistics.feature:13&amp#27;[0m
  &amp#27;[32mGiven &amp#27;[0m&amp#27;[32mI open the match details for &amp#27;[0m&amp#27;[32m&amp#27;[1m"1001"&amp#27;[0m &amp#27;[90m# steps.UiTestFlowStatisticsSteps.openMatchDetails(java.lang.String)&amp#27;[0m
  &amp#27;[32mWhen &amp#27;[0m&amp#27;[32mthe page is loaded&amp#27;[0m                   &amp#27;[90m# steps.UiTestFlowStatisticsSteps.waitForDetails()&amp#27;[0m
  &amp#27;[32mThen &amp#27;[0m&amp#27;[32mthe team names should be visible&amp#27;[0m     &amp#27;[90m# steps.UiTestFlowStatisticsSteps.checkTeamNamesVisible()&amp#27;[0m
  &amp#27;[32mAnd &amp#27;[0m&amp#27;[32mthe match date should be visible&amp#27;[0m      &amp#27;[90m# steps.UiTestFlowStatisticsSteps.checkMatchDateVisible()&amp#27;[0m
]]></system-out>
  </testcase>
  <testcase name="Score displayed correctly" classname="Match Statistics&apos; Details TestFlow" time="4.022">
    <system-out><![CDATA[
Scenario: Score displayed correctly         &amp#27;[90m# features/ui_testflow_statistics.feature:19&amp#27;[0m
  &amp#27;[32mGiven &amp#27;[0m&amp#27;[32mI open the match details for &amp#27;[0m&amp#27;[32m&amp#27;[1m"1001"&amp#27;[0m &amp#27;[90m# steps.UiTestFlowStatisticsSteps.openMatchDetails(java.lang.String)&amp#27;[0m
  &amp#27;[32mWhen &amp#27;[0m&amp#27;[32mthe page is loaded&amp#27;[0m                   &amp#27;[90m# steps.UiTestFlowStatisticsSteps.waitForDetails()&amp#27;[0m
  &amp#27;[32mThen &amp#27;[0m&amp#27;[32mthe score should be &amp#27;[0m&amp#27;[32m&amp#27;[1m"Score: 3 - 1"&amp#27;[0m   &amp#27;[90m# steps.UiTestFlowStatisticsSteps.checkScore(java.lang.String)&amp#27;[0m
]]></system-out>
  </testcase>
  <testcase name="Goals statistic" classname="Match Statistics&apos; Details TestFlow" time="4.605">
    <system-out><![CDATA[
Scenario: Goals statistic                    &amp#27;[90m# features/ui_testflow_statistics.feature:24&amp#27;[0m
  &amp#27;[32mGiven &amp#27;[0m&amp#27;[32mI open the match details for &amp#27;[0m&amp#27;[32m&amp#27;[1m"1001"&amp#27;[0m  &amp#27;[90m# steps.UiTestFlowStatisticsSteps.openMatchDetails(java.lang.String)&amp#27;[0m
  &amp#27;[32mWhen &amp#27;[0m&amp#27;[32mthe page is loaded&amp#27;[0m                    &amp#27;[90m# steps.UiTestFlowStatisticsSteps.waitForDetails()&amp#27;[0m
  &amp#27;[32mThen &amp#27;[0m&amp#27;[32mthe goals statistic should be &amp#27;[0m&amp#27;[32m&amp#27;[1m"3 - 1"&amp#27;[0m &amp#27;[90m# steps.UiTestFlowStatisticsSteps.checkGoals(java.lang.String)&amp#27;[0m
]]></system-out>
  </testcase>
  <testcase name="Shots on target statistic" classname="Match Statistics&apos; Details TestFlow" time="4.002">
    <system-out><![CDATA[
Scenario: Shots on target statistic                     &amp#27;[90m# features/ui_testflow_statistics.feature:29&amp#27;[0m
  &amp#27;[32mGiven &amp#27;[0m&amp#27;[32mI open the match details for &amp#27;[0m&amp#27;[32m&amp#27;[1m"1001"&amp#27;[0m             &amp#27;[90m# steps.UiTestFlowStatisticsSteps.openMatchDetails(java.lang.String)&amp#27;[0m
  &amp#27;[32mThen &amp#27;[0m&amp#27;[32mthe shots on target statistic should be &amp#27;[0m&amp#27;[32m&amp#27;[1m"17 - 6"&amp#27;[0m &amp#27;[90m# steps.UiTestFlowStatisticsSteps.checkShots(java.lang.String)&amp#27;[0m
]]></system-out>
  </testcase>
  <testcase name="Possession statistic" classname="Match Statistics&apos; Details TestFlow" time="18.016">
    <system-out><![CDATA[
Scenario: Possession statistic                        &amp#27;[90m# features/ui_testflow_statistics.feature:33&amp#27;[0m
  &amp#27;[32mGiven &amp#27;[0m&amp#27;[32mI open the match details for &amp#27;[0m&amp#27;[32m&amp#27;[1m"1001"&amp#27;[0m           &amp#27;[90m# steps.UiTestFlowStatisticsSteps.openMatchDetails(java.lang.String)&amp#27;[0m
  &amp#27;[32mThen &amp#27;[0m&amp#27;[32mthe possession statistic should be &amp#27;[0m&amp#27;[32m&amp#27;[1m"68% - 32%"&amp#27;[0m &amp#27;[90m# steps.UiTestFlowStatisticsSteps.checkPossession(java.lang.String)&amp#27;[0m
]]></system-out>
  </testcase>
  <testcase name="Fouls statistic" classname="Match Statistics&apos; Details TestFlow" time="3.851">
    <system-out><![CDATA[
Scenario: Fouls statistic                     &amp#27;[90m# features/ui_testflow_statistics.feature:37&amp#27;[0m
  &amp#27;[32mGiven &amp#27;[0m&amp#27;[32mI open the match details for &amp#27;[0m&amp#27;[32m&amp#27;[1m"1001"&amp#27;[0m   &amp#27;[90m# steps.UiTestFlowStatisticsSteps.openMatchDetails(java.lang.String)&amp#27;[0m
  &amp#27;[32mThen &amp#27;[0m&amp#27;[32mthe fouls statistic should be &amp#27;[0m&amp#27;[32m&amp#27;[1m"8 - 14"&amp#27;[0m &amp#27;[90m# steps.UiTestFlowStatisticsSteps.checkFouls(java.lang.String)&amp#27;[0m
]]></system-out>
  </testcase>
  <testcase name="All statistics listed" classname="Match Statistics&apos; Details TestFlow" time="4.014">
    <system-out><![CDATA[
Scenario: All statistics listed             &amp#27;[90m# features/ui_testflow_statistics.feature:41&amp#27;[0m
  &amp#27;[32mGiven &amp#27;[0m&amp#27;[32mI open the match details for &amp#27;[0m&amp#27;[32m&amp#27;[1m"1001"&amp#27;[0m &amp#27;[90m# steps.UiTestFlowStatisticsSteps.openMatchDetails(java.lang.String)&amp#27;[0m
  &amp#27;[32mThen &amp#27;[0m&amp#27;[32mthe statistics should include:&amp#27;[0m       &amp#27;[90m# steps.UiTestFlowStatisticsSteps.checkAllStatistics(io.cucumber.datatable.DataTable)&amp#27;[0m
    | Goals: 3 - 1            |
    | Shots on Target: 17 - 6 |
    | Possession: 68% - 32%   |
    | Fouls: 8 - 14           |
]]></system-out>
  </testcase>
</testsuite>