<?xml version="1.0" encoding="UTF-8"?>
<testsuite xmlns:xsi="http://www.w3.org/2001/XMLSchema-instance" xsi:noNamespaceSchemaLocation="https://maven.apache.org/surefire/maven-surefire-plugin/xsd/surefire-test-report-3.0.xsd" version="3.0" name="ui.tests.JUnit_MatchDetailsFlowTest" time="8.98" tests="8" errors="0" skipped="0" failures="0">
  <properties>
[...]
</properties>
  <testcase name="testStatisticsVisibleAfterLoad" classname="ui.tests.JUnit_MatchDetailsFlowTest" time="1.23"/>
  <testcase name="testScoreDisplayedCorrectly" classname="ui.tests.JUnit_MatchDetailsFlowTest" time="0.787"/>
  <testcase name="testAllStatisticsListed" classname="ui.tests.JUnit_MatchDetailsFlowTest" time="0.771"/>
  <testcase name="testShotsOnTargetStatistic" classname="ui.tests.JUnit_MatchDetailsFlowTest" time="0.755"/>
  <testcase name="testPossessionStatistic" classname="ui.tests.JUnit_MatchDetailsFlowTest" time="0.761"/>
  <testcase name="testFoulsStatistic" classname="ui.tests.JUnit_MatchDetailsFlowTest" time="0.742"/>
  <testcase name="testTeamNamesAndDateDisplayed" classname="ui.tests.JUnit_MatchDetailsFlowTest" time="0.829"/>
  <testcase name="testGoalsStatistic" classname="ui.tests.JUnit_MatchDetailsFlowTest" time="0.819"/>
</testsuite>