<?xml version="1.0" encoding="UTF-8"?>
<testsuite xmlns:xsi="http://www.w3.org/2001/XMLSchema-instance" xsi:noNamespaceSchemaLocation="https://maven.apache.org/surefire/maven-surefire-plugin/xsd/surefire-test-report-3.0.xsd" version="3.0" name="runners.RunCucumberTest" time="4.138" tests="5" errors="0" skipped="0" failures="0">
  <properties>
[...]
</properties>
  <testcase name="Validate matches.json returns correct status and body" classname="API Testing with Playwright" time="1.776">
    <system-out><![CDATA[
Scenario: Validate matches.json returns correct status and body                 &amp#27;[90m# features/api.feature:8&amp#27;[0m
  &amp#27;[32mGiven &amp#27;[0m&amp#27;[32mthe API client is initialized&amp#27;[0m                                           &amp#27;[90m# steps.ApiSteps.initApiClient()&amp#27;[0m
  &amp#27;[32mWhen &amp#27;[0m&amp#27;[32mI send a GET request to &amp#27;[0m&amp#27;[32m&amp#27;[1m"http://localhost:4200/assets/mock/matches.json"&amp#27;[0m &amp#27;[90m# steps.ApiSteps.sendGetRequest(java.lang.String)&amp#27;[0m
  &amp#27;[32mThen &amp#27;[0m&amp#27;[32mthe response status should be &amp#27;[0m&amp#27;[32m&amp#27;[1m200&amp#27;[0m                                        &amp#27;[90m# steps.ApiSteps.checkStatus(int)&amp#27;[0m
  &amp#27;[32mAnd &amp#27;[0m&amp#27;[32mthe response body should contain &amp#27;[0m&amp#27;[32m&amp#27;[1m"events"&amp#27;[0m                                 &amp#27;[90m# steps.ApiSteps.checkBodyContains(java.lang.String)&amp#27;[0m
]]></system-out>
  </testcase>
  <testcase name="Validate match-statistics.json returns correct status and body" classname="API Testing with Playwright" time="1.651">
    <system-out><![CDATA[
Scenario: Validate match-statistics.json returns correct status and body                 &amp#27;[90m# features/api.feature:14&amp#27;[0m
  &amp#27;[32mGiven &amp#27;[0m&amp#27;[32mthe API client is initialized&amp#27;[0m                                                    &amp#27;[90m# steps.ApiSteps.initApiClient()&amp#27;[0m
  &amp#27;[32mWhen &amp#27;[0m&amp#27;[32mI send a GET request to &amp#27;[0m&amp#27;[32m&amp#27;[1m"http://localhost:4200/assets/mock/match-statistics.json"&amp#27;[0m &amp#27;[90m# steps.ApiSteps.sendGetRequest(java.lang.String)&amp#27;[0m
  &amp#27;[32mThen &amp#27;[0m&amp#27;[32mthe response status should be &amp#27;[0m&amp#27;[32m&amp#27;[1m200&amp#27;[0m                                                 &amp#27;[90m# steps.ApiSteps.checkStatus(int)&amp#27;[0m
  &amp#27;[32mAnd &amp#27;[0m&amp#27;[32mthe response body should contain &amp#27;[0m&amp#27;[32m&amp#27;[1m"1092"&amp#27;[0m                                            &amp#27;[90m# steps.ApiSteps.checkBodyContains(java.lang.String)&amp#27;[0m
]]></system-out>
  </testcase>
  <testcase name="Load and display match data between famous teams (from static JSON)" classname="Matches display" time="0.037">
    <system-out><![CDATA[
Scenario: Load and display match data between famous teams (from static JSON) &amp#27;[90m# features/datahandling.feature:6&amp#27;[0m
  &amp#27;[32mGiven &amp#27;[0m&amp#27;[32mthe match data exists&amp#27;[0m                                                 &amp#27;[90m# steps.StaticDataHandlingSteps.matchDataExists()&amp#27;[0m
  &amp#27;[32mWhen &amp#27;[0m&amp#27;[32mthe system loads matches' data &amp#27;[0m&amp#27;[32m&amp#27;[1m"matches.json"&amp#27;[0m                          &amp#27;[90m# steps.StaticDataHandlingSteps.loadMatchData(java.lang.String)&amp#27;[0m
Teams: Barcelona vs Valencia
Teams: Sevilla vs Real Madrid
Teams: Espanyol vs Atletico Madrid
Teams: Aston Villa vs Manchester United
Teams: Bayern Munich vs Paris Saint-Germain
Teams: Borussia Dortmund vs RB Leipzig
Teams: Juventus vs Inter Milan
Teams: Liverpool vs Chelsea
  &amp#27;[32mThen &amp#27;[0m&amp#27;[32mthe home and away teams should be shown&amp#27;[0m                                &amp#27;[90m# steps.StaticDataHandlingSteps.verifyTeamsDisplayed()&amp#27;[0m
]]></system-out>
  </testcase>
  <testcase name="Invalid JSON data triggers an error message" classname="Error handling" time="0.021">
    <system-out><![CDATA[
Scenario: Invalid JSON data triggers an error message           &amp#27;[90m# features/error.feature:6&amp#27;[0m
  &amp#27;[32mGiven &amp#27;[0m&amp#27;[32mthe invalid match data exists&amp#27;[0m                           &amp#27;[90m# steps.ErrorSteps.invalidMatchDataExists()&amp#27;[0m
  &amp#27;[32mWhen &amp#27;[0m&amp#27;[32mthe system loads the invalid file &amp#27;[0m&amp#27;[32m&amp#27;[1m"invalid-matches.json"&amp#27;[0m &amp#27;[90m# steps.ErrorSteps.loadInvalidJson(java.lang.String)&amp#27;[0m
Error caught successfully: Invalid id: must between 1 and 100000
  &amp#27;[32mThen &amp#27;[0m&amp#27;[32man error message should appear&amp#27;[0m                           &amp#27;[90m# steps.ErrorSteps.errorShouldAppear()&amp#27;[0m
]]></system-out>
  </testcase>
  <testcase name="Load and display match statistics" classname="Statistics display" time="0.033">
    <system-out><![CDATA[
Scenario: Load and display match statistics                         &amp#27;[90m# features/statistics.feature:6&amp#27;[0m
  &amp#27;[32mGiven &amp#27;[0m&amp#27;[32mthe statistics data exists&amp#27;[0m                                  &amp#27;[90m# steps.StatisticsSteps.statisticsDataExists()&amp#27;[0m
  &amp#27;[32mWhen &amp#27;[0m&amp#27;[32mthe system loads matches' statistics &amp#27;[0m&amp#27;[32m&amp#27;[1m"match-statistics.json"&amp#27;[0m &amp#27;[90m# steps.StatisticsSteps.loadStatisticsFile(java.lang.String)&amp#27;[0m
  &amp#27;[32mAnd &amp#27;[0m&amp#27;[32mthe user selects match &amp#27;[0m&amp#27;[32m&amp#27;[1m"1003"&amp#27;[0m                                 &amp#27;[90m# steps.StatisticsSteps.selectMatch(java.lang.String)&amp#27;[0m
Goals: 0 - 1
Shots on target: 8 - 11
Possession: 42% - 58%
Fouls: 12 - 12
  &amp#27;[32mThen &amp#27;[0m&amp#27;[32mthe statistics should be shown on screen&amp#27;[0m                     &amp#27;[90m# steps.StatisticsSteps.showStatistics()&amp#27;[0m
]]></system-out>
  </testcase>
</testsuite>